#
# There is insufficient memory for the Java Runtime Environment to continue.
# Native memory allocation (malloc) failed to allocate 1121296 bytes for Chunk::new
# Possible reasons:
#   The system is out of physical RAM or swap space
#   The process is running with CompressedOops enabled, and the Java Heap may be blocking the growth of the native heap
# Possible solutions:
#   Reduce memory load on the system
#   Increase physical memory or swap space
#   Check if swap backing store is full
#   Decrease Java heap size (-Xmx/-Xms)
#   Decrease number of Java threads
#   Decrease Java thread stack sizes (-Xss)
#   Set larger code cache with -XX:ReservedCodeCacheSize=
#   JVM is running with Unscaled Compressed Oops mode in which the Java heap is
#     placed in the first 4GB address space. The Java Heap base address is the
#     maximum limit for the native heap growth. Please use -XX:HeapBaseMinAddress
#     to set the Java Heap base and to place the Java Heap above 4GB virtual address.
# This output file may be truncated or incomplete.
#
#  Out of Memory Error (./open/src/hotspot/share/memory/arena.cpp:197), pid=108, tid=8360
#
# JRE version: Java(TM) SE Runtime Environment 18.9 (11.0.10+8) (build 11.0.10+8-LTS-162)
# Java VM: Java HotSpot(TM) 64-Bit Server VM 18.9 (11.0.10+8-LTS-162, mixed mode, tiered, compressed oops, g1 gc, windows-amd64)
# No core dump will be written. Minidumps are not enabled by default on client versions of Windows
#

---------------  S U M M A R Y ------------

Command Line: C:\Users\JAIMEJ~1\AppData\Local\Temp\surefire2944157451333748116\surefirebooter16819522302008371259.jar C:\Users\JAIME JUNIOR SEDANO\AppData\Local\Temp\surefire2944157451333748116 2021-12-13T04-04-39_606-jvmRun1 surefire17987457131488099791tmp surefire_07398660907356858025tmp

Host: Intel(R) Celeron(R) CPU  N3060  @ 1.60GHz, 2 cores, 3G,  Windows 10 , 64 bit Build 18362 (10.0.18362.1916)
Time: Mon Dec 13 04:05:06 2021 Hora est. Pacífico, Sudamérica elapsed time: 18.907685 seconds (0d 0h 0m 18s)

---------------  T H R E A D  ---------------

Current thread (0x000001f0ca818800):  JavaThread "C2 CompilerThread0" daemon [_thread_in_native, id=8360, stack(0x0000009512900000,0x0000009512a00000)]


Current CompileTask:
C2:  18908 1776       4       java.lang.invoke.MethodType::makeImpl (108 bytes)

Stack: [0x0000009512900000,0x0000009512a00000]
Native frames: (J=compiled Java code, j=interpreted, Vv=VM code, C=native code)
V  [jvm.dll+0x613e6a]
V  [jvm.dll+0x74c1ff]
V  [jvm.dll+0x74d885]
V  [jvm.dll+0x74df03]
V  [jvm.dll+0x243b78]
V  [jvm.dll+0xba2cc]
V  [jvm.dll+0xba9cc]
V  [jvm.dll+0x3469c7]
V  [jvm.dll+0x194251]
V  [jvm.dll+0x1fd4a2]
V  [jvm.dll+0x1fc54f]
V  [jvm.dll+0x17f09c]
V  [jvm.dll+0x20bbd4]
V  [jvm.dll+0x209cab]
V  [jvm.dll+0x713619]
V  [jvm.dll+0x70c314]
V  [jvm.dll+0x613036]
C  [ucrtbase.dll+0x210b2]
C  [KERNEL32.DLL+0x17c24]
C  [ntdll.dll+0x6d721]


---------------  P R O C E S S  ---------------

Threads class SMR info:
_java_thread_list=0x000001f0cabc52e0, length=12, elements={
0x000001f0ae549000, 0x000001f0ca7a8000, 0x000001f0ca7b1800, 0x000001f0ca816000,
0x000001f0ca817800, 0x000001f0ca818800, 0x000001f0ca7c6000, 0x000001f0ca7cb800,
0x000001f0caac7000, 0x000001f0caad5000, 0x000001f0cab9a000, 0x000001f0caacb800
}

Java Threads: ( => current thread )
  0x000001f0ae549000 JavaThread "main" [_thread_in_native, id=9256, stack(0x0000009511e00000,0x0000009511f00000)]
  0x000001f0ca7a8000 JavaThread "Reference Handler" daemon [_thread_blocked, id=16996, stack(0x0000009512500000,0x0000009512600000)]
  0x000001f0ca7b1800 JavaThread "Finalizer" daemon [_thread_blocked, id=14248, stack(0x0000009512600000,0x0000009512700000)]
  0x000001f0ca816000 JavaThread "Signal Dispatcher" daemon [_thread_blocked, id=8288, stack(0x0000009512700000,0x0000009512800000)]
  0x000001f0ca817800 JavaThread "Attach Listener" daemon [_thread_blocked, id=15768, stack(0x0000009512800000,0x0000009512900000)]
=>0x000001f0ca818800 JavaThread "C2 CompilerThread0" daemon [_thread_in_native, id=8360, stack(0x0000009512900000,0x0000009512a00000)]
  0x000001f0ca7c6000 JavaThread "C1 CompilerThread0" daemon [_thread_blocked, id=11272, stack(0x0000009512a00000,0x0000009512b00000)]
  0x000001f0ca7cb800 JavaThread "Sweeper thread" daemon [_thread_blocked, id=9736, stack(0x0000009512b00000,0x0000009512c00000)]
  0x000001f0caac7000 JavaThread "Service Thread" daemon [_thread_blocked, id=15116, stack(0x0000009512c00000,0x0000009512d00000)]
  0x000001f0caad5000 JavaThread "Common-Cleaner" daemon [_thread_blocked, id=3756, stack(0x0000009512e00000,0x0000009512f00000)]
  0x000001f0cab9a000 JavaThread "surefire-forkedjvm-command-thread" daemon [_thread_in_native, id=1428, stack(0x0000009512f00000,0x0000009513000000)]
  0x000001f0caacb800 JavaThread "surefire-forkedjvm-ping-30s" daemon [_thread_blocked, id=14812, stack(0x0000009513000000,0x0000009513100000)]

Other Threads:
  0x000001f0ca787800 VMThread "VM Thread" [stack: 0x0000009512400000,0x0000009512500000] [id=14748]
  0x000001f0caad0800 WatcherThread [stack: 0x0000009512d00000,0x0000009512e00000] [id=7940]
  0x000001f0ae55f800 GCTaskThread "GC Thread#0" [stack: 0x0000009511f00000,0x0000009512000000] [id=5628]
  0x000001f0cacce000 GCTaskThread "GC Thread#1" [stack: 0x0000009513100000,0x0000009513200000] [id=15676]
  0x000001f0ae579000 ConcurrentGCThread "G1 Main Marker" [stack: 0x0000009512000000,0x0000009512100000] [id=1468]
  0x000001f0ae57b800 ConcurrentGCThread "G1 Conc#0" [stack: 0x0000009512100000,0x0000009512200000] [id=16284]
  0x000001f0ae5cf000 ConcurrentGCThread "G1 Refine#0" [stack: 0x0000009512200000,0x0000009512300000] [id=16604]
  0x000001f0cad5e800 ConcurrentGCThread "G1 Refine#1" [stack: 0x0000009513200000,0x0000009513300000] [id=9304]
  0x000001f0ae5d0800 ConcurrentGCThread "G1 Young RemSet Sampling" [stack: 0x0000009512300000,0x0000009512400000] [id=9956]

Threads with active compile tasks:
C2 CompilerThread0  20257 1776       4       java.lang.invoke.MethodType::makeImpl (108 bytes)

VM state:not at safepoint (normal execution)

VM Mutex/Monitor currently owned by a thread: None

Heap address: 0x00000000c1400000, size: 1004 MB, Compressed Oops mode: 32-bit
Narrow klass base: 0x0000000000000000, Narrow klass shift: 3
Compressed class space size: 1073741824 Address: 0x0000000100000000

Heap:
 garbage-first heap   total 65536K, used 10478K [0x00000000c1400000, 0x0000000100000000)
  region size 1024K, 6 young (6144K), 3 survivors (3072K)
 Metaspace       used 20955K, capacity 21745K, committed 21888K, reserved 1069056K
  class space    used 2345K, capacity 2638K, committed 2688K, reserved 1048576K
Heap Regions: E=young(eden), S=young(survivor), O=old, HS=humongous(starts), HC=humongous(continues), CS=collection set, F=free, A=archive, TAMS=top-at-mark-start (previous, next)
|   0|0x00000000c1400000, 0x00000000c1500000, 0x00000000c1500000|100%| O|  |TAMS 0x00000000c1500000, 0x00000000c1400000| Untracked 
|   1|0x00000000c1500000, 0x00000000c1600000, 0x00000000c1600000|100%| O|  |TAMS 0x00000000c1600000, 0x00000000c1500000| Untracked 
|   2|0x00000000c1600000, 0x00000000c1700000, 0x00000000c1700000|100%| O|  |TAMS 0x00000000c1700000, 0x00000000c1600000| Untracked 
|   3|0x00000000c1700000, 0x00000000c1800000, 0x00000000c1800000|100%| O|  |TAMS 0x00000000c1800000, 0x00000000c1700000| Untracked 
|   4|0x00000000c1800000, 0x00000000c1900000, 0x00000000c1900000|100%| O|  |TAMS 0x00000000c1900000, 0x00000000c1800000| Untracked 
|   5|0x00000000c1900000, 0x00000000c199ae00, 0x00000000c1a00000| 60%| O|  |TAMS 0x00000000c199ae00, 0x00000000c1900000| Untracked 
|   6|0x00000000c1a00000, 0x00000000c1a00000, 0x00000000c1b00000|  0%| F|  |TAMS 0x00000000c1a00000, 0x00000000c1a00000| Untracked 
|   7|0x00000000c1b00000, 0x00000000c1b00000, 0x00000000c1c00000|  0%| F|  |TAMS 0x00000000c1b00000, 0x00000000c1b00000| Untracked 
|   8|0x00000000c1c00000, 0x00000000c1c00000, 0x00000000c1d00000|  0%| F|  |TAMS 0x00000000c1c00000, 0x00000000c1c00000| Untracked 
|   9|0x00000000c1d00000, 0x00000000c1d00000, 0x00000000c1e00000|  0%| F|  |TAMS 0x00000000c1d00000, 0x00000000c1d00000| Untracked 
|  10|0x00000000c1e00000, 0x00000000c1e00000, 0x00000000c1f00000|  0%| F|  |TAMS 0x00000000c1e00000, 0x00000000c1e00000| Untracked 
|  11|0x00000000c1f00000, 0x00000000c1f00000, 0x00000000c2000000|  0%| F|  |TAMS 0x00000000c1f00000, 0x00000000c1f00000| Untracked 
|  12|0x00000000c2000000, 0x00000000c2000000, 0x00000000c2100000|  0%| F|  |TAMS 0x00000000c2000000, 0x00000000c2000000| Untracked 
|  13|0x00000000c2100000, 0x00000000c2100000, 0x00000000c2200000|  0%| F|  |TAMS 0x00000000c2100000, 0x00000000c2100000| Untracked 
|  14|0x00000000c2200000, 0x00000000c2200000, 0x00000000c2300000|  0%| F|  |TAMS 0x00000000c2200000, 0x00000000c2200000| Untracked 
|  15|0x00000000c2300000, 0x00000000c2300000, 0x00000000c2400000|  0%| F|  |TAMS 0x00000000c2300000, 0x00000000c2300000| Untracked 
|  16|0x00000000c2400000, 0x00000000c2400000, 0x00000000c2500000|  0%| F|  |TAMS 0x00000000c2400000, 0x00000000c2400000| Untracked 
|  17|0x00000000c2500000, 0x00000000c2500000, 0x00000000c2600000|  0%| F|  |TAMS 0x00000000c2500000, 0x00000000c2500000| Untracked 
|  18|0x00000000c2600000, 0x00000000c2600000, 0x00000000c2700000|  0%| F|  |TAMS 0x00000000c2600000, 0x00000000c2600000| Untracked 
|  19|0x00000000c2700000, 0x00000000c2700000, 0x00000000c2800000|  0%| F|  |TAMS 0x00000000c2700000, 0x00000000c2700000| Untracked 
|  20|0x00000000c2800000, 0x00000000c2800000, 0x00000000c2900000|  0%| F|  |TAMS 0x00000000c2800000, 0x00000000c2800000| Untracked 
|  21|0x00000000c2900000, 0x00000000c2900000, 0x00000000c2a00000|  0%| F|  |TAMS 0x00000000c2900000, 0x00000000c2900000| Untracked 
|  22|0x00000000c2a00000, 0x00000000c2a00000, 0x00000000c2b00000|  0%| F|  |TAMS 0x00000000c2a00000, 0x00000000c2a00000| Untracked 
|  23|0x00000000c2b00000, 0x00000000c2b00000, 0x00000000c2c00000|  0%| F|  |TAMS 0x00000000c2b00000, 0x00000000c2b00000| Untracked 
|  24|0x00000000c2c00000, 0x00000000c2c00000, 0x00000000c2d00000|  0%| F|  |TAMS 0x00000000c2c00000, 0x00000000c2c00000| Untracked 
|  25|0x00000000c2d00000, 0x00000000c2d00000, 0x00000000c2e00000|  0%| F|  |TAMS 0x00000000c2d00000, 0x00000000c2d00000| Untracked 
|  26|0x00000000c2e00000, 0x00000000c2e00000, 0x00000000c2f00000|  0%| F|  |TAMS 0x00000000c2e00000, 0x00000000c2e00000| Untracked 
|  27|0x00000000c2f00000, 0x00000000c2f00000, 0x00000000c3000000|  0%| F|  |TAMS 0x00000000c2f00000, 0x00000000c2f00000| Untracked 
|  28|0x00000000c3000000, 0x00000000c3000000, 0x00000000c3100000|  0%| F|  |TAMS 0x00000000c3000000, 0x00000000c3000000| Untracked 
|  29|0x00000000c3100000, 0x00000000c3100000, 0x00000000c3200000|  0%| F|  |TAMS 0x00000000c3100000, 0x00000000c3100000| Untracked 
|  30|0x00000000c3200000, 0x00000000c3200000, 0x00000000c3300000|  0%| F|  |TAMS 0x00000000c3200000, 0x00000000c3200000| Untracked 
|  31|0x00000000c3300000, 0x00000000c3300000, 0x00000000c3400000|  0%| F|  |TAMS 0x00000000c3300000, 0x00000000c3300000| Untracked 
|  32|0x00000000c3400000, 0x00000000c3400000, 0x00000000c3500000|  0%| F|  |TAMS 0x00000000c3400000, 0x00000000c3400000| Untracked 
|  33|0x00000000c3500000, 0x00000000c3500000, 0x00000000c3600000|  0%| F|  |TAMS 0x00000000c3500000, 0x00000000c3500000| Untracked 
|  34|0x00000000c3600000, 0x00000000c3600000, 0x00000000c3700000|  0%| F|  |TAMS 0x00000000c3600000, 0x00000000c3600000| Untracked 
|  35|0x00000000c3700000, 0x00000000c3700000, 0x00000000c3800000|  0%| F|  |TAMS 0x00000000c3700000, 0x00000000c3700000| Untracked 
|  36|0x00000000c3800000, 0x00000000c3800000, 0x00000000c3900000|  0%| F|  |TAMS 0x00000000c3800000, 0x00000000c3800000| Untracked 
|  37|0x00000000c3900000, 0x00000000c3900000, 0x00000000c3a00000|  0%| F|  |TAMS 0x00000000c3900000, 0x00000000c3900000| Untracked 
|  38|0x00000000c3a00000, 0x00000000c3a00000, 0x00000000c3b00000|  0%| F|  |TAMS 0x00000000c3a00000, 0x00000000c3a00000| Untracked 
|  39|0x00000000c3b00000, 0x00000000c3b00000, 0x00000000c3c00000|  0%| F|  |TAMS 0x00000000c3b00000, 0x00000000c3b00000| Untracked 
|  40|0x00000000c3c00000, 0x00000000c3c00000, 0x00000000c3d00000|  0%| F|  |TAMS 0x00000000c3c00000, 0x00000000c3c00000| Untracked 
|  41|0x00000000c3d00000, 0x00000000c3d00000, 0x00000000c3e00000|  0%| F|  |TAMS 0x00000000c3d00000, 0x00000000c3d00000| Untracked 
|  42|0x00000000c3e00000, 0x00000000c3e00000, 0x00000000c3f00000|  0%| F|  |TAMS 0x00000000c3e00000, 0x00000000c3e00000| Untracked 
|  43|0x00000000c3f00000, 0x00000000c3f00000, 0x00000000c4000000|  0%| F|  |TAMS 0x00000000c3f00000, 0x00000000c3f00000| Untracked 
|  44|0x00000000c4000000, 0x00000000c4000000, 0x00000000c4100000|  0%| F|  |TAMS 0x00000000c4000000, 0x00000000c4000000| Untracked 
|  45|0x00000000c4100000, 0x00000000c4100000, 0x00000000c4200000|  0%| F|  |TAMS 0x00000000c4100000, 0x00000000c4100000| Untracked 
|  46|0x00000000c4200000, 0x00000000c4200000, 0x00000000c4300000|  0%| F|  |TAMS 0x00000000c4200000, 0x00000000c4200000| Untracked 
|  47|0x00000000c4300000, 0x00000000c4300000, 0x00000000c4400000|  0%| F|  |TAMS 0x00000000c4300000, 0x00000000c4300000| Untracked 
|  48|0x00000000c4400000, 0x00000000c4400000, 0x00000000c4500000|  0%| F|  |TAMS 0x00000000c4400000, 0x00000000c4400000| Untracked 
|  49|0x00000000c4500000, 0x00000000c4500000, 0x00000000c4600000|  0%| F|  |TAMS 0x00000000c4500000, 0x00000000c4500000| Untracked 
|  50|0x00000000c4600000, 0x00000000c4600000, 0x00000000c4700000|  0%| F|  |TAMS 0x00000000c4600000, 0x00000000c4600000| Untracked 
|  51|0x00000000c4700000, 0x00000000c4700000, 0x00000000c4800000|  0%| F|  |TAMS 0x00000000c4700000, 0x00000000c4700000| Untracked 
|  52|0x00000000c4800000, 0x00000000c4800000, 0x00000000c4900000|  0%| F|  |TAMS 0x00000000c4800000, 0x00000000c4800000| Untracked 
|  53|0x00000000c4900000, 0x00000000c4900000, 0x00000000c4a00000|  0%| F|  |TAMS 0x00000000c4900000, 0x00000000c4900000| Untracked 
|  54|0x00000000c4a00000, 0x00000000c4aa0a28, 0x00000000c4b00000| 62%| S|CS|TAMS 0x00000000c4a00000, 0x00000000c4a00000| Complete 
|  55|0x00000000c4b00000, 0x00000000c4c00000, 0x00000000c4c00000|100%| S|CS|TAMS 0x00000000c4b00000, 0x00000000c4b00000| Complete 
|  56|0x00000000c4c00000, 0x00000000c4d00000, 0x00000000c4d00000|100%| S|CS|TAMS 0x00000000c4c00000, 0x00000000c4c00000| Complete 
|  57|0x00000000c4d00000, 0x00000000c4d00000, 0x00000000c4e00000|  0%| F|  |TAMS 0x00000000c4d00000, 0x00000000c4d00000| Untracked 
|  58|0x00000000c4e00000, 0x00000000c4e00000, 0x00000000c4f00000|  0%| F|  |TAMS 0x00000000c4e00000, 0x00000000c4e00000| Untracked 
|  59|0x00000000c4f00000, 0x00000000c4f00000, 0x00000000c5000000|  0%| F|  |TAMS 0x00000000c4f00000, 0x00000000c4f00000| Untracked 
|  60|0x00000000c5000000, 0x00000000c5000000, 0x00000000c5100000|  0%| F|  |TAMS 0x00000000c5000000, 0x00000000c5000000| Untracked 
|  61|0x00000000c5100000, 0x00000000c51e3ca8, 0x00000000c5200000| 88%| E|  |TAMS 0x00000000c5100000, 0x00000000c5100000| Complete 
|  62|0x00000000c5200000, 0x00000000c5300000, 0x00000000c5300000|100%| E|CS|TAMS 0x00000000c5200000, 0x00000000c5200000| Complete 
|  63|0x00000000c5300000, 0x00000000c5400000, 0x00000000c5400000|100%| E|CS|TAMS 0x00000000c5300000, 0x00000000c5300000| Complete 

Card table byte_map: [0x000001f0c59d0000,0x000001f0c5bd0000] _byte_map_base: 0x000001f0c53c6000

Marking Bits (Prev, Next): (CMBitMap*) 0x000001f0ae5747f0, (CMBitMap*) 0x000001f0ae5747b8
 Prev Bits: [0x000001f0c6d80000, 0x000001f0c7d30000)
 Next Bits: [0x000001f0c5dd0000, 0x000001f0c6d80000)

Polling page: 0x000001f0ac6e0000

Metaspace:

Usage:
  Non-class:     18.66 MB capacity,    18.17 MB ( 97%) used,   415.23 KB (  2%) free+waste,    81.56 KB ( <1%) overhead. 
      Class:      2.58 MB capacity,     2.29 MB ( 89%) used,   250.73 KB ( 10%) free+waste,    41.50 KB (  2%) overhead. 
       Both:     21.24 MB capacity,    20.46 MB ( 96%) used,   665.97 KB (  3%) free+waste,   123.06 KB ( <1%) overhead. 

Virtual space:
  Non-class space:       20.00 MB reserved,      18.75 MB ( 94%) committed 
      Class space:        1.00 GB reserved,       2.63 MB ( <1%) committed 
             Both:        1.02 GB reserved,      21.38 MB (  2%) committed 

Chunk freelists:
   Non-Class:  3.63 KB
       Class:  0 bytes
        Both:  3.63 KB

CodeHeap 'non-profiled nmethods': size=120064Kb used=648Kb max_used=648Kb free=119415Kb
 bounds [0x000001f0be490000, 0x000001f0be700000, 0x000001f0c59d0000]
CodeHeap 'profiled nmethods': size=120000Kb used=3731Kb max_used=3731Kb free=116268Kb
 bounds [0x000001f0b6f60000, 0x000001f0b7310000, 0x000001f0be490000]
CodeHeap 'non-nmethods': size=5696Kb used=1106Kb max_used=1115Kb free=4589Kb
 bounds [0x000001f0b69d0000, 0x000001f0b6c40000, 0x000001f0b6f60000]
 total_blobs=2330 nmethods=1899 adapters=343
 compilation: enabled
              stopped_count=0, restarted_count=0
 full_count=0

Compilation events (10 events):
Event: 18.343 Thread 0x000001f0ca7c6000 1898       3       java.util.regex.Pattern$BmpCharPredicate$$Lambda$45/0x00000001000ddc40::is (13 bytes)
Event: 18.343 Thread 0x000001f0ca7c6000 nmethod 1898 0x000001f0b7302a10 code [0x000001f0b7302be0, 0x000001f0b7302fb8]
Event: 18.344 Thread 0x000001f0ca7c6000 1899       1       org.springframework.boot.context.config.StandardConfigDataReference::getResourceLocation (5 bytes)
Event: 18.345 Thread 0x000001f0ca7c6000 nmethod 1899 0x000001f0be531b90 code [0x000001f0be531d20, 0x000001f0be531dd8]
Event: 18.361 Thread 0x000001f0ca7c6000 1900       3       java.util.LinkedHashMap::afterNodeAccess (116 bytes)
Event: 18.362 Thread 0x000001f0ca7c6000 nmethod 1900 0x000001f0b7303110 code [0x000001f0b7303300, 0x000001f0b7303938]
Event: 18.368 Thread 0x000001f0ca7c6000 1902       3       org.springframework.boot.context.properties.source.ConfigurationPropertyName$$Lambda$432/0x0000000100265c40::test (6 bytes)
Event: 18.369 Thread 0x000001f0ca7c6000 nmethod 1902 0x000001f0b7303a90 code [0x000001f0b7303c60, 0x000001f0b7304098]
Event: 18.374 Thread 0x000001f0ca7c6000 1903       1       org.springframework.boot.context.properties.source.SpringConfigurationPropertySource::getUnderlyingSource (5 bytes)
Event: 18.375 Thread 0x000001f0ca7c6000 nmethod 1903 0x000001f0be532090 code [0x000001f0be532220, 0x000001f0be5322d8]

GC Heap History (10 events):
Event: 2.682 GC heap before
{Heap before GC invocations=1 (full 0):
 garbage-first heap   total 65536K, used 6571K [0x00000000c1400000, 0x0000000100000000)
  region size 1024K, 6 young (6144K), 1 survivors (1024K)
 Metaspace       used 9377K, capacity 9609K, committed 9728K, reserved 1058816K
  class space    used 846K, capacity 910K, committed 1024K, reserved 1048576K
}
Event: 2.691 GC heap after
{Heap after GC invocations=2 (full 0):
 garbage-first heap   total 65536K, used 5697K [0x00000000c1400000, 0x0000000100000000)
  region size 1024K, 1 young (1024K), 1 survivors (1024K)
 Metaspace       used 9377K, capacity 9609K, committed 9728K, reserved 1058816K
  class space    used 846K, capacity 910K, committed 1024K, reserved 1048576K
}
Event: 4.785 GC heap before
{Heap before GC invocations=2 (full 0):
 garbage-first heap   total 65536K, used 15937K [0x00000000c1400000, 0x0000000100000000)
  region size 1024K, 11 young (11264K), 1 survivors (1024K)
 Metaspace       used 12029K, capacity 12331K, committed 12672K, reserved 1060864K
  class space    used 1176K, capacity 1294K, committed 1408K, reserved 1048576K
}
Event: 4.834 GC heap after
{Heap after GC invocations=3 (full 0):
 garbage-first heap   total 65536K, used 6107K [0x00000000c1400000, 0x0000000100000000)
  region size 1024K, 2 young (2048K), 2 survivors (2048K)
 Metaspace       used 12029K, capacity 12331K, committed 12672K, reserved 1060864K
  class space    used 1176K, capacity 1294K, committed 1408K, reserved 1048576K
}
Event: 8.928 GC heap before
{Heap before GC invocations=3 (full 0):
 garbage-first heap   total 65536K, used 21467K [0x00000000c1400000, 0x0000000100000000)
  region size 1024K, 17 young (17408K), 2 survivors (2048K)
 Metaspace       used 14995K, capacity 15568K, committed 15616K, reserved 1062912K
  class space    used 1561K, capacity 1784K, committed 1792K, reserved 1048576K
}
Event: 8.938 GC heap after
{Heap after GC invocations=4 (full 0):
 garbage-first heap   total 65536K, used 6796K [0x00000000c1400000, 0x0000000100000000)
  region size 1024K, 3 young (3072K), 3 survivors (3072K)
 Metaspace       used 14995K, capacity 15568K, committed 15616K, reserved 1062912K
  class space    used 1561K, capacity 1784K, committed 1792K, reserved 1048576K
}
Event: 16.701 GC heap before
{Heap before GC invocations=4 (full 0):
 garbage-first heap   total 65536K, used 31372K [0x00000000c1400000, 0x0000000100000000)
  region size 1024K, 27 young (27648K), 3 survivors (3072K)
 Metaspace       used 19337K, capacity 20018K, committed 20096K, reserved 1067008K
  class space    used 2109K, capacity 2380K, committed 2432K, reserved 1048576K
}
Event: 16.716 GC heap after
{Heap after GC invocations=5 (full 0):
 garbage-first heap   total 65536K, used 7745K [0x00000000c1400000, 0x0000000100000000)
  region size 1024K, 3 young (3072K), 3 survivors (3072K)
 Metaspace       used 19337K, capacity 20018K, committed 20096K, reserved 1067008K
  class space    used 2109K, capacity 2380K, committed 2432K, reserved 1048576K
}
Event: 17.816 GC heap before
{Heap before GC invocations=5 (full 0):
 garbage-first heap   total 65536K, used 13889K [0x00000000c1400000, 0x0000000100000000)
  region size 1024K, 10 young (10240K), 3 survivors (3072K)
 Metaspace       used 20518K, capacity 21204K, committed 21248K, reserved 1069056K
  class space    used 2281K, capacity 2543K, committed 2560K, reserved 1048576K
}
Event: 17.830 GC heap after
{Heap after GC invocations=6 (full 0):
 garbage-first heap   total 65536K, used 8430K [0x00000000c1400000, 0x0000000100000000)
  region size 1024K, 3 young (3072K), 3 survivors (3072K)
 Metaspace       used 20518K, capacity 21204K, committed 21248K, reserved 1069056K
  class space    used 2281K, capacity 2543K, committed 2560K, reserved 1048576K
}

Deoptimization events (10 events):
Event: 9.891 Thread 0x000001f0ae549000 Uncommon trap: reason=bimorphic_or_optimized_type_check action=maybe_recompile pc=0x000001f0be4dad14 method=java.util.HashMap.getNode(ILjava/lang/Object;)Ljava/util/HashMap$Node; @ 59 c2
Event: 10.029 Thread 0x000001f0ae549000 Uncommon trap: reason=unstable_if action=reinterpret pc=0x000001f0be4fe91c method=java.util.Properties$LineReader.readLine()I @ 160 c2
Event: 11.306 Thread 0x000001f0ae549000 Uncommon trap: reason=unstable_if action=reinterpret pc=0x000001f0be4c1f24 method=java.util.zip.ZipFile$Source.getEntryPos([BZ)I @ 156 c2
Event: 11.306 Thread 0x000001f0ae549000 Uncommon trap: reason=unstable_if action=reinterpret pc=0x000001f0be4ee178 method=java.io.WinNTFileSystem.normalize(Ljava/lang/String;)Ljava/lang/String; @ 128 c2
Event: 12.766 Thread 0x000001f0ae549000 Uncommon trap: reason=unstable_if action=reinterpret pc=0x000001f0be50c160 method=jdk.internal.loader.URLClassPath$FileLoader.getResource(Ljava/lang/String;Z)Ljdk/internal/loader/Resource; @ 139 c2
Event: 13.590 Thread 0x000001f0ae549000 Uncommon trap: reason=unstable_if action=reinterpret pc=0x000001f0be4df030 method=sun.reflect.generics.parser.SignatureParser.current()C @ 39 c2
Event: 14.474 Thread 0x000001f0caacb800 Uncommon trap: reason=unstable_if action=reinterpret pc=0x000001f0be5163e0 method=java.lang.String.indexOf(Ljava/lang/String;)I @ 8 c2
Event: 16.674 Thread 0x000001f0ae549000 Uncommon trap: reason=unstable_if action=reinterpret pc=0x000001f0be4e4464 method=jdk.internal.org.objectweb.asm.Type.getArgumentsAndReturnSizes(Ljava/lang/String;)I @ 130 c2
Event: 17.680 Thread 0x000001f0ae549000 Uncommon trap: reason=unstable_if action=reinterpret pc=0x000001f0be52b668 method=org.springframework.boot.context.properties.source.ConfigurationPropertyName$ElementsParser.updateType(Lorg/springframework/boot/context/properties/source/ConfigurationPrope
Event: 17.771 Thread 0x000001f0ae549000 Uncommon trap: reason=unstable_if action=reinterpret pc=0x000001f0be520da0 method=java.lang.String.indexOf([BBILjava/lang/String;I)I @ 21 c2

Classes redefined (0 events):
No events

Internal exceptions (10 events):
Event: 17.179 Thread 0x000001f0ae549000 Exception <a 'java/lang/IncompatibleClassChangeError'{0x00000000c515f480}: Found class java.lang.Object, but interface was expected> (0x00000000c515f480) thrown at [./open/src/hotspot/share/interpreter/linkResolver.cpp, line 838]
Event: 17.438 Thread 0x000001f0ae549000 Exception <a 'java/lang/NoSuchMethodError'{0x00000000c505f770}: java.lang.invoke.DirectMethodHandle$Holder.invokeSpecial(Ljava/lang/Object;Ljava/lang/Object;Ljava/lang/Object;Ljava/lang/Object;)I> (0x00000000c505f770) thrown at [./open/src/hotspot/share/i
Event: 17.681 Thread 0x000001f0ae549000 Exception <a 'java/lang/NoSuchMethodError'{0x00000000c4f92910}: java.lang.invoke.DirectMethodHandle$Holder.invokeSpecial(Ljava/lang/Object;Ljava/lang/Object;Ljava/lang/Object;Ljava/lang/Object;Ljava/lang/Object;Ljava/lang/Object;I)Ljava/lang/Object;> (0x0
Event: 17.682 Thread 0x000001f0ae549000 Exception <a 'java/lang/NoSuchMethodError'{0x00000000c4f9c8c0}: java.lang.invoke.DirectMethodHandle$Holder.invokeSpecial(Ljava/lang/Object;Ljava/lang/Object;Ljava/lang/Object;Ljava/lang/Object;Ljava/lang/Object;Ljava/lang/Object;Ljava/lang/Object;I)Ljava/
Event: 17.685 Thread 0x000001f0ae549000 Exception <a 'java/lang/NoSuchMethodError'{0x00000000c4fa0cb8}: java.lang.invoke.Invokers$Holder.linkToTargetMethod(Ljava/lang/Object;Ljava/lang/Object;Ljava/lang/Object;Ljava/lang/Object;Ljava/lang/Object;ILjava/lang/Object;)Ljava/lang/Object;> (0x000000
Event: 18.064 Thread 0x000001f0ae549000 Exception <a 'java/lang/NoSuchMethodError'{0x00000000c53d0a20}: java.lang.invoke.DirectMethodHandle$Holder.invokeStatic(Ljava/lang/Object;Ljava/lang/Object;Ljava/lang/Object;ILjava/lang/Object;)Ljava/lang/Object;> (0x00000000c53d0a20) thrown at [./open/sr
Event: 18.066 Thread 0x000001f0ae549000 Exception <a 'java/lang/NoSuchMethodError'{0x00000000c53d7970}: java.lang.invoke.Invokers$Holder.linkToTargetMethod(Ljava/lang/Object;Ljava/lang/Object;ILjava/lang/Object;Ljava/lang/Object;)Ljava/lang/Object;> (0x00000000c53d7970) thrown at [./open/src/ho
Event: 18.069 Thread 0x000001f0ae549000 Exception <a 'java/lang/NoSuchMethodError'{0x00000000c53e0240}: java.lang.invoke.DirectMethodHandle$Holder.invokeStatic(Ljava/lang/Object;ILjava/lang/Object;Ljava/lang/Object;)I> (0x00000000c53e0240) thrown at [./open/src/hotspot/share/interpreter/linkRes
Event: 18.071 Thread 0x000001f0ae549000 Exception <a 'java/lang/NoSuchMethodError'{0x00000000c53e7898}: java.lang.invoke.DirectMethodHandle$Holder.invokeStatic(Ljava/lang/Object;ILjava/lang/Object;)Ljava/lang/Object;> (0x00000000c53e7898) thrown at [./open/src/hotspot/share/interpreter/linkReso
Event: 18.366 Thread 0x000001f0ae549000 Exception <a 'java/lang/NoSuchMethodError'{0x00000000c51c3588}: java.lang.invoke.DirectMethodHandle$Holder.invokeStaticInit(Ljava/lang/Object;Ljava/lang/Object;)V> (0x00000000c51c3588) thrown at [./open/src/hotspot/share/interpreter/linkResolver.cpp, line

Events (10 events):
Event: 18.557 loading class java/net/InetAddressImplFactory
Event: 18.557 loading class java/net/InetAddressImplFactory done
Event: 18.557 loading class java/net/Inet6AddressImpl
Event: 18.557 loading class java/net/InetAddressImpl
Event: 18.558 loading class java/net/InetAddressImpl done
Event: 18.558 loading class java/net/Inet6AddressImpl done
Event: 18.558 loading class java/net/InetAddress$PlatformNameService
Event: 18.558 loading class java/net/InetAddress$NameService
Event: 18.558 loading class java/net/InetAddress$NameService done
Event: 18.558 loading class java/net/InetAddress$PlatformNameService done


Dynamic libraries:
0x00007ff776db0000 - 0x00007ff776dbf000 	C:\Program Files\Java\jdk-11.0.10\bin\java.exe
0x00007ff88f0e0000 - 0x00007ff88f2d0000 	C:\WINDOWS\SYSTEM32\ntdll.dll
0x00007ff88e0e0000 - 0x00007ff88e193000 	C:\WINDOWS\System32\KERNEL32.DLL
0x00007ff88cd50000 - 0x00007ff88cff5000 	C:\WINDOWS\System32\KERNELBASE.dll
0x00007ff88c370000 - 0x00007ff88c46a000 	C:\WINDOWS\System32\ucrtbase.dll
0x00007ff880660000 - 0x00007ff880678000 	C:\Program Files\Java\jdk-11.0.10\bin\jli.dll
0x00007ff88e320000 - 0x00007ff88e3c3000 	C:\WINDOWS\System32\ADVAPI32.dll
0x00007ff88d790000 - 0x00007ff88d82e000 	C:\WINDOWS\System32\msvcrt.dll
0x00007ff882f20000 - 0x00007ff882f35000 	C:\Program Files\Java\jdk-11.0.10\bin\VCRUNTIME140.dll
0x00007ff88e280000 - 0x00007ff88e317000 	C:\WINDOWS\System32\sechost.dll
0x00007ff88e440000 - 0x00007ff88e55f000 	C:\WINDOWS\System32\RPCRT4.dll
0x00007ff88d200000 - 0x00007ff88d394000 	C:\WINDOWS\System32\USER32.dll
0x00007ff88c2a0000 - 0x00007ff88c2c1000 	C:\WINDOWS\System32\win32u.dll
0x00007ff879340000 - 0x00007ff8795c4000 	C:\WINDOWS\WinSxS\amd64_microsoft.windows.common-controls_6595b64144ccf1df_6.0.18362.1916_none_9e7a3577e461ddbd\COMCTL32.dll
0x00007ff88d3d0000 - 0x00007ff88d706000 	C:\WINDOWS\System32\combase.dll
0x00007ff88c4f0000 - 0x00007ff88c574000 	C:\WINDOWS\System32\bcryptPrimitives.dll
0x00007ff88d1c0000 - 0x00007ff88d1e6000 	C:\WINDOWS\System32\GDI32.dll
0x00007ff88c020000 - 0x00007ff88c1b8000 	C:\WINDOWS\System32\gdi32full.dll
0x00007ff88c2d0000 - 0x00007ff88c36e000 	C:\WINDOWS\System32\msvcp_win.dll
0x00007ff8795d0000 - 0x00007ff8795da000 	C:\WINDOWS\SYSTEM32\VERSION.dll
0x00007ff88d830000 - 0x00007ff88d85e000 	C:\WINDOWS\System32\IMM32.DLL
0x00007ff8591a0000 - 0x00007ff85923b000 	C:\Program Files\Java\jdk-11.0.10\bin\msvcp140.dll
0x00007ff849200000 - 0x00007ff849cfb000 	C:\Program Files\Java\jdk-11.0.10\bin\server\jvm.dll
0x00007ff88d1f0000 - 0x00007ff88d1f8000 	C:\WINDOWS\System32\PSAPI.DLL
0x00007ff876c10000 - 0x00007ff876c19000 	C:\WINDOWS\SYSTEM32\WSOCK32.dll
0x00007ff888a90000 - 0x00007ff888ab4000 	C:\WINDOWS\SYSTEM32\WINMM.dll
0x00007ff88d930000 - 0x00007ff88d99f000 	C:\WINDOWS\System32\WS2_32.dll
0x00007ff888a60000 - 0x00007ff888a8d000 	C:\WINDOWS\SYSTEM32\winmmbase.dll
0x00007ff88cd00000 - 0x00007ff88cd4a000 	C:\WINDOWS\System32\cfgmgr32.dll
0x00007ff88c000000 - 0x00007ff88c011000 	C:\WINDOWS\System32\kernel.appcore.dll
0x00007ff888b80000 - 0x00007ff888b90000 	C:\Program Files\Java\jdk-11.0.10\bin\verify.dll
0x00007ff88a870000 - 0x00007ff88aa64000 	C:\WINDOWS\SYSTEM32\DBGHELP.DLL
0x00007ff874020000 - 0x00007ff87404a000 	C:\WINDOWS\SYSTEM32\dbgcore.DLL
0x00007ff876c50000 - 0x00007ff876c78000 	C:\Program Files\Java\jdk-11.0.10\bin\java.dll
0x00007ff881db0000 - 0x00007ff881dba000 	C:\Program Files\Java\jdk-11.0.10\bin\jimage.dll
0x00007ff871830000 - 0x00007ff871846000 	C:\Program Files\Java\jdk-11.0.10\bin\zip.dll
0x00007ff88e920000 - 0x00007ff88f007000 	C:\WINDOWS\System32\SHELL32.dll
0x00007ff88d9a0000 - 0x00007ff88da49000 	C:\WINDOWS\System32\shcore.dll
0x00007ff88c580000 - 0x00007ff88ccfb000 	C:\WINDOWS\System32\windows.storage.dll
0x00007ff88bf70000 - 0x00007ff88bf8e000 	C:\WINDOWS\System32\profapi.dll
0x00007ff88bf90000 - 0x00007ff88bfda000 	C:\WINDOWS\System32\powrprof.dll
0x00007ff88bf60000 - 0x00007ff88bf70000 	C:\WINDOWS\System32\UMPDC.dll
0x00007ff88e220000 - 0x00007ff88e272000 	C:\WINDOWS\System32\shlwapi.dll
0x00007ff88c470000 - 0x00007ff88c487000 	C:\WINDOWS\System32\cryptsp.dll
0x00007ff86edf0000 - 0x00007ff86ee09000 	C:\Program Files\Java\jdk-11.0.10\bin\net.dll
0x00007ff87d680000 - 0x00007ff87d779000 	C:\WINDOWS\SYSTEM32\WINHTTP.dll
0x00007ff88b740000 - 0x00007ff88b7a7000 	C:\WINDOWS\system32\mswsock.dll
0x00007ff86edd0000 - 0x00007ff86ede2000 	C:\Program Files\Java\jdk-11.0.10\bin\nio.dll
0x00007ff881b60000 - 0x00007ff881b69000 	C:\Program Files\Java\jdk-11.0.10\bin\management.dll
0x00007ff880650000 - 0x00007ff88065b000 	C:\Program Files\Java\jdk-11.0.10\bin\management_ext.dll
0x00007ff871850000 - 0x00007ff871866000 	C:\WINDOWS\system32\napinsp.dll
0x00007ff87c690000 - 0x00007ff87c6aa000 	C:\WINDOWS\system32\pnrpnsp.dll
0x00007ff88b490000 - 0x00007ff88b55a000 	C:\WINDOWS\SYSTEM32\DNSAPI.dll
0x00007ff88d1b0000 - 0x00007ff88d1b8000 	C:\WINDOWS\System32\NSI.dll
0x00007ff88b450000 - 0x00007ff88b48a000 	C:\WINDOWS\SYSTEM32\IPHLPAPI.DLL
0x00007ff880130000 - 0x00007ff88013e000 	C:\WINDOWS\System32\winrnr.dll

dbghelp: loaded successfully - version: 4.0.5 - missing functions: none
symbol engine: initialized successfully - sym options: 0x614 - pdb path: .;C:\Program Files\Java\jdk-11.0.10\bin;C:\WINDOWS\SYSTEM32;C:\WINDOWS\WinSxS\amd64_microsoft.windows.common-controls_6595b64144ccf1df_6.0.18362.1916_none_9e7a3577e461ddbd;C:\Program Files\Java\jdk-11.0.10\bin\server

VM Arguments:
java_command: C:\Users\JAIMEJ~1\AppData\Local\Temp\surefire2944157451333748116\surefirebooter16819522302008371259.jar C:\Users\JAIME JUNIOR SEDANO\AppData\Local\Temp\surefire2944157451333748116 2021-12-13T04-04-39_606-jvmRun1 surefire17987457131488099791tmp surefire_07398660907356858025tmp
java_class_path (initial): C:\Users\JAIMEJ~1\AppData\Local\Temp\surefire2944157451333748116\surefirebooter16819522302008371259.jar
Launcher Type: SUN_STANDARD

[Global flags]
     intx CICompilerCount                          = 2                                         {product} {ergonomic}
     uint ConcGCThreads                            = 1                                         {product} {ergonomic}
     uint G1ConcRefinementThreads                  = 2                                         {product} {ergonomic}
   size_t G1HeapRegionSize                         = 1048576                                   {product} {ergonomic}
    uintx GCDrainStackTargetSize                   = 64                                        {product} {ergonomic}
   size_t InitialHeapSize                          = 67108864                                  {product} {ergonomic}
   size_t MarkStackSize                            = 4194304                                   {product} {ergonomic}
   size_t MaxHeapSize                              = 1052770304                                {product} {ergonomic}
   size_t MaxNewSize                               = 631242752                                 {product} {ergonomic}
   size_t MinHeapDeltaBytes                        = 1048576                                   {product} {ergonomic}
    uintx NonNMethodCodeHeapSize                   = 5825164                                {pd product} {ergonomic}
    uintx NonProfiledCodeHeapSize                  = 122916538                              {pd product} {ergonomic}
    uintx ProfiledCodeHeapSize                     = 122916538                              {pd product} {ergonomic}
    uintx ReservedCodeCacheSize                    = 251658240                              {pd product} {ergonomic}
     bool SegmentedCodeCache                       = true                                      {product} {ergonomic}
     bool UseCompressedClassPointers               = true                                 {lp64_product} {ergonomic}
     bool UseCompressedOops                        = true                                 {lp64_product} {ergonomic}
     bool UseG1GC                                  = true                                      {product} {ergonomic}
     bool UseLargePagesIndividualAllocation        = false                                  {pd product} {ergonomic}

Logging:
Log output configuration:
 #0: stdout all=warning uptime,level,tags
 #1: stderr all=off uptime,level,tags

Environment Variables:
JAVA_HOME=C:\Program Files\Java\jdk-11.0.10
PATH=C:\Program Files\Common Files\Oracle\Java\javapath;C:\Program Files (x86)\Common Files\Oracle\Java\javapath;C:\Program Files\Java\jdk-11.0.10;C:\Program Files\Java\jdk-11.0.10\bin;C:\WINDOWS\system32;C:\WINDOWS;C:\WINDOWS\System32\Wbem;C:\WINDOWS\System32\WindowsPowerShell\v1.0\;C:\WINDOWS\System32\OpenSSH\;C:\Program Files\Git\cmd;C:\Program Files\NetBeans-12.5\apache-maven-3.8.3\bin;C:\Users\JAIME JUNIOR SEDANO\AppData\Local\Microsoft\WindowsApps;C:\Program Files (x86)\Nmap;;C:\Users\JAIME JUNIOR SEDANO\AppData\Local\Programs\Microsoft VS Code\bin
USERNAME=JAIME JUNIOR SEDANO
OS=Windows_NT
PROCESSOR_IDENTIFIER=Intel64 Family 6 Model 76 Stepping 4, GenuineIntel



---------------  S Y S T E M  ---------------

OS: Windows 10 , 64 bit Build 18362 (10.0.18362.1916)

CPU:total 2 (initial active 2) (2 cores per cpu, 1 threads per core) family 6 model 76 stepping 4 microcode 0x411, cmov, cx8, fxsr, mmx, sse, sse2, sse3, ssse3, sse4.1, sse4.2, popcnt, aes, clmul, erms, 3dnowpref, tsc, tscinvbit

Memory: 4k page, system-wide physical 4009M (346M free)
TotalPageFile size 7009M (AvailPageFile size 13M)
current process WorkingSet (physical memory assigned to process): 109M, peak: 112M
current process commit charge ("private bytes"): 170M, peak: 172M

vm_info: Java HotSpot(TM) 64-Bit Server VM (11.0.10+8-LTS-162) for windows-amd64 JRE (11.0.10+8-LTS-162), built on Dec  8 2020 16:32:57 by "mach5one" with MS VC++ 15.9 (VS2017)

END.
