#
# There is insufficient memory for the Java Runtime Environment to continue.
# Native memory allocation (malloc) failed to allocate 32744 bytes for ChunkPool::allocate
# Possible reasons:
#   The system is out of physical RAM or swap space
#   The process is running with CompressedOops enabled, and the Java Heap may be blocking the growth of the native heap
# Possible solutions:
#   Reduce memory load on the system
#   Increase physical memory or swap space
#   Check if swap backing store is full
#   Decrease Java heap size (-Xmx/-Xms)
#   Decrease number of Java threads
#   Decrease Java thread stack sizes (-Xss)
#   Set larger code cache with -XX:ReservedCodeCacheSize=
#   JVM is running with Unscaled Compressed Oops mode in which the Java heap is
#     placed in the first 4GB address space. The Java Heap base address is the
#     maximum limit for the native heap growth. Please use -XX:HeapBaseMinAddress
#     to set the Java Heap base and to place the Java Heap above 4GB virtual address.
# This output file may be truncated or incomplete.
#
#  Out of Memory Error (./open/src/hotspot/share/memory/arena.cpp:81), pid=13788, tid=13708
#
# JRE version: Java(TM) SE Runtime Environment 18.9 (11.0.10+8) (build 11.0.10+8-LTS-162)
# Java VM: Java HotSpot(TM) 64-Bit Server VM 18.9 (11.0.10+8-LTS-162, mixed mode, tiered, compressed oops, g1 gc, windows-amd64)
# No core dump will be written. Minidumps are not enabled by default on client versions of Windows
#

---------------  S U M M A R Y ------------

Command Line: -Dclassworlds.conf=C:\Program Files\NetBeans-12.5\apache-maven-3.8.3\bin\m2.conf -Dmaven.home=C:\Program Files\NetBeans-12.5\apache-maven-3.8.3 -Dlibrary.jansi.path=C:\Program Files\NetBeans-12.5\apache-maven-3.8.3\lib\jansi-native -Dmaven.multiModuleProjectDirectory=F:\MISION_TIC\CICLO 4\Reto_3\otra version nueva\hipercalorico org.codehaus.plexus.classworlds.launcher.Launcher -Dmaven.ext.class.path=C:\Program Files\NetBeans-12.5\netbeans\java\maven-nblib\netbeans-eventspy.jar -Dfile.encoding=UTF-8 clean install

Host: Intel(R) Celeron(R) CPU  N3060  @ 1.60GHz, 2 cores, 3G,  Windows 10 , 64 bit Build 18362 (10.0.18362.1916)
Time: Mon Dec 13 04:14:38 2021 Hora est. Pacífico, Sudamérica elapsed time: 6.515892 seconds (0d 0h 0m 6s)

---------------  T H R E A D  ---------------

Current thread (0x000001fea1c53800):  JavaThread "C1 CompilerThread0" daemon [_thread_in_vm, id=13708, stack(0x0000008cd0600000,0x0000008cd0700000)]


Current CompileTask:
C1:   6516 1988       3       java.lang.invoke.MemberName::getName (25 bytes)

Stack: [0x0000008cd0600000,0x0000008cd0700000]
Native frames: (J=compiled Java code, j=interpreted, Vv=VM code, C=native code)
V  [jvm.dll+0x613e6a]
V  [jvm.dll+0x74c1ff]
V  [jvm.dll+0x74d885]
V  [jvm.dll+0x74df03]
V  [jvm.dll+0x243b78]
V  [jvm.dll+0xba66b]
V  [jvm.dll+0xba9cc]
V  [jvm.dll+0x33002a]
V  [jvm.dll+0x1ab5e5]
V  [jvm.dll+0x199c4c]
V  [jvm.dll+0x20ba87]
V  [jvm.dll+0x209cab]
V  [jvm.dll+0x713619]
V  [jvm.dll+0x70c314]
V  [jvm.dll+0x613036]
C  [ucrtbase.dll+0x210b2]
C  [KERNEL32.DLL+0x17c24]
C  [ntdll.dll+0x6d721]


---------------  P R O C E S S  ---------------

Threads class SMR info:
_java_thread_list=0x000001fea1f24160, length=10, elements={
0x000001fe859da000, 0x000001fea1c3a000, 0x000001fea1c45800, 0x000001fea1ca8800,
0x000001fea1caa800, 0x000001fea1cac800, 0x000001fea1c53800, 0x000001fea1e20800,
0x000001fea1f28000, 0x000001fea1f39000
}

Java Threads: ( => current thread )
  0x000001fe859da000 JavaThread "main" [_thread_in_vm, id=8760, stack(0x0000008ccfa00000,0x0000008ccfb00000)]
  0x000001fea1c3a000 JavaThread "Reference Handler" daemon [_thread_blocked, id=15056, stack(0x0000008cd0100000,0x0000008cd0200000)]
  0x000001fea1c45800 JavaThread "Finalizer" daemon [_thread_blocked, id=16300, stack(0x0000008cd0200000,0x0000008cd0300000)]
  0x000001fea1ca8800 JavaThread "Signal Dispatcher" daemon [_thread_blocked, id=796, stack(0x0000008cd0300000,0x0000008cd0400000)]
  0x000001fea1caa800 JavaThread "Attach Listener" daemon [_thread_blocked, id=14656, stack(0x0000008cd0400000,0x0000008cd0500000)]
  0x000001fea1cac800 JavaThread "C2 CompilerThread0" daemon [_thread_in_native, id=2828, stack(0x0000008cd0500000,0x0000008cd0600000)]
=>0x000001fea1c53800 JavaThread "C1 CompilerThread0" daemon [_thread_in_vm, id=13708, stack(0x0000008cd0600000,0x0000008cd0700000)]
  0x000001fea1e20800 JavaThread "Sweeper thread" daemon [_thread_blocked, id=8952, stack(0x0000008cd0700000,0x0000008cd0800000)]
  0x000001fea1f28000 JavaThread "Service Thread" daemon [_thread_blocked, id=13968, stack(0x0000008cd0800000,0x0000008cd0900000)]
  0x000001fea1f39000 JavaThread "Common-Cleaner" daemon [_thread_blocked, id=9452, stack(0x0000008cd0a00000,0x0000008cd0b00000)]

Other Threads:
  0x000001fea1c16000 VMThread "VM Thread" [stack: 0x0000008cd0000000,0x0000008cd0100000] [id=12072]
  0x000001fea1f34000 WatcherThread [stack: 0x0000008cd0900000,0x0000008cd0a00000] [id=4240]
  0x000001fe859ef800 GCTaskThread "GC Thread#0" [stack: 0x0000008ccfb00000,0x0000008ccfc00000] [id=11136]
  0x000001fea2845000 GCTaskThread "GC Thread#1" [stack: 0x0000008cd0b00000,0x0000008cd0c00000] [id=9332]
  0x000001fe85a0b000 ConcurrentGCThread "G1 Main Marker" [stack: 0x0000008ccfc00000,0x0000008ccfd00000] [id=3440]
  0x000001fe85a0d800 ConcurrentGCThread "G1 Conc#0" [stack: 0x0000008ccfd00000,0x0000008ccfe00000] [id=12744]
  0x000001fe85a5f800 ConcurrentGCThread "G1 Refine#0" [stack: 0x0000008ccfe00000,0x0000008ccff00000] [id=4072]
  0x000001fe85a60800 ConcurrentGCThread "G1 Young RemSet Sampling" [stack: 0x0000008ccff00000,0x0000008cd0000000] [id=6784]

Threads with active compile tasks:
C2 CompilerThread0   6720 1811   !   4       java.net.URL::<init> (543 bytes)
C1 CompilerThread0   6721 1988       3       java.lang.invoke.MemberName::getName (25 bytes)

VM state:not at safepoint (normal execution)

VM Mutex/Monitor currently owned by a thread: None

Heap address: 0x00000000c1400000, size: 1004 MB, Compressed Oops mode: 32-bit
Narrow klass base: 0x0000000000000000, Narrow klass shift: 3
Compressed class space size: 1073741824 Address: 0x0000000100000000

Heap:
 garbage-first heap   total 65536K, used 29725K [0x00000000c1400000, 0x0000000100000000)
  region size 1024K, 28 young (28672K), 2 survivors (2048K)
 Metaspace       used 18301K, capacity 18573K, committed 18816K, reserved 1067008K
  class space    used 1990K, capacity 2111K, committed 2176K, reserved 1048576K
Heap Regions: E=young(eden), S=young(survivor), O=old, HS=humongous(starts), HC=humongous(continues), CS=collection set, F=free, A=archive, TAMS=top-at-mark-start (previous, next)
|   0|0x00000000c1400000, 0x00000000c1500000, 0x00000000c1500000|100%| O|  |TAMS 0x00000000c1400000, 0x00000000c1400000| Untracked 
|   1|0x00000000c1500000, 0x00000000c1600000, 0x00000000c1600000|100%| O|  |TAMS 0x00000000c1500000, 0x00000000c1500000| Untracked 
|   2|0x00000000c1600000, 0x00000000c1617000, 0x00000000c1700000|  8%| O|  |TAMS 0x00000000c1600000, 0x00000000c1600000| Untracked 
|   3|0x00000000c1700000, 0x00000000c1700000, 0x00000000c1800000|  0%| F|  |TAMS 0x00000000c1700000, 0x00000000c1700000| Untracked 
|   4|0x00000000c1800000, 0x00000000c1800000, 0x00000000c1900000|  0%| F|  |TAMS 0x00000000c1800000, 0x00000000c1800000| Untracked 
|   5|0x00000000c1900000, 0x00000000c1900000, 0x00000000c1a00000|  0%| F|  |TAMS 0x00000000c1900000, 0x00000000c1900000| Untracked 
|   6|0x00000000c1a00000, 0x00000000c1a00000, 0x00000000c1b00000|  0%| F|  |TAMS 0x00000000c1a00000, 0x00000000c1a00000| Untracked 
|   7|0x00000000c1b00000, 0x00000000c1b00000, 0x00000000c1c00000|  0%| F|  |TAMS 0x00000000c1b00000, 0x00000000c1b00000| Untracked 
|   8|0x00000000c1c00000, 0x00000000c1c00000, 0x00000000c1d00000|  0%| F|  |TAMS 0x00000000c1c00000, 0x00000000c1c00000| Untracked 
|   9|0x00000000c1d00000, 0x00000000c1d00000, 0x00000000c1e00000|  0%| F|  |TAMS 0x00000000c1d00000, 0x00000000c1d00000| Untracked 
|  10|0x00000000c1e00000, 0x00000000c1e00000, 0x00000000c1f00000|  0%| F|  |TAMS 0x00000000c1e00000, 0x00000000c1e00000| Untracked 
|  11|0x00000000c1f00000, 0x00000000c1f00000, 0x00000000c2000000|  0%| F|  |TAMS 0x00000000c1f00000, 0x00000000c1f00000| Untracked 
|  12|0x00000000c2000000, 0x00000000c2000000, 0x00000000c2100000|  0%| F|  |TAMS 0x00000000c2000000, 0x00000000c2000000| Untracked 
|  13|0x00000000c2100000, 0x00000000c2100000, 0x00000000c2200000|  0%| F|  |TAMS 0x00000000c2100000, 0x00000000c2100000| Untracked 
|  14|0x00000000c2200000, 0x00000000c2200000, 0x00000000c2300000|  0%| F|  |TAMS 0x00000000c2200000, 0x00000000c2200000| Untracked 
|  15|0x00000000c2300000, 0x00000000c2300000, 0x00000000c2400000|  0%| F|  |TAMS 0x00000000c2300000, 0x00000000c2300000| Untracked 
|  16|0x00000000c2400000, 0x00000000c2400000, 0x00000000c2500000|  0%| F|  |TAMS 0x00000000c2400000, 0x00000000c2400000| Untracked 
|  17|0x00000000c2500000, 0x00000000c2500000, 0x00000000c2600000|  0%| F|  |TAMS 0x00000000c2500000, 0x00000000c2500000| Untracked 
|  18|0x00000000c2600000, 0x00000000c2600000, 0x00000000c2700000|  0%| F|  |TAMS 0x00000000c2600000, 0x00000000c2600000| Untracked 
|  19|0x00000000c2700000, 0x00000000c2700000, 0x00000000c2800000|  0%| F|  |TAMS 0x00000000c2700000, 0x00000000c2700000| Untracked 
|  20|0x00000000c2800000, 0x00000000c2800000, 0x00000000c2900000|  0%| F|  |TAMS 0x00000000c2800000, 0x00000000c2800000| Untracked 
|  21|0x00000000c2900000, 0x00000000c2900000, 0x00000000c2a00000|  0%| F|  |TAMS 0x00000000c2900000, 0x00000000c2900000| Untracked 
|  22|0x00000000c2a00000, 0x00000000c2a00000, 0x00000000c2b00000|  0%| F|  |TAMS 0x00000000c2a00000, 0x00000000c2a00000| Untracked 
|  23|0x00000000c2b00000, 0x00000000c2b00000, 0x00000000c2c00000|  0%| F|  |TAMS 0x00000000c2b00000, 0x00000000c2b00000| Untracked 
|  24|0x00000000c2c00000, 0x00000000c2c00000, 0x00000000c2d00000|  0%| F|  |TAMS 0x00000000c2c00000, 0x00000000c2c00000| Untracked 
|  25|0x00000000c2d00000, 0x00000000c2d00000, 0x00000000c2e00000|  0%| F|  |TAMS 0x00000000c2d00000, 0x00000000c2d00000| Untracked 
|  26|0x00000000c2e00000, 0x00000000c2e00000, 0x00000000c2f00000|  0%| F|  |TAMS 0x00000000c2e00000, 0x00000000c2e00000| Untracked 
|  27|0x00000000c2f00000, 0x00000000c2f00000, 0x00000000c3000000|  0%| F|  |TAMS 0x00000000c2f00000, 0x00000000c2f00000| Untracked 
|  28|0x00000000c3000000, 0x00000000c3000000, 0x00000000c3100000|  0%| F|  |TAMS 0x00000000c3000000, 0x00000000c3000000| Untracked 
|  29|0x00000000c3100000, 0x00000000c3100000, 0x00000000c3200000|  0%| F|  |TAMS 0x00000000c3100000, 0x00000000c3100000| Untracked 
|  30|0x00000000c3200000, 0x00000000c3200000, 0x00000000c3300000|  0%| F|  |TAMS 0x00000000c3200000, 0x00000000c3200000| Untracked 
|  31|0x00000000c3300000, 0x00000000c3300000, 0x00000000c3400000|  0%| F|  |TAMS 0x00000000c3300000, 0x00000000c3300000| Untracked 
|  32|0x00000000c3400000, 0x00000000c3400000, 0x00000000c3500000|  0%| F|  |TAMS 0x00000000c3400000, 0x00000000c3400000| Untracked 
|  33|0x00000000c3500000, 0x00000000c3500000, 0x00000000c3600000|  0%| F|  |TAMS 0x00000000c3500000, 0x00000000c3500000| Untracked 
|  34|0x00000000c3600000, 0x00000000c3600000, 0x00000000c3700000|  0%| F|  |TAMS 0x00000000c3600000, 0x00000000c3600000| Untracked 
|  35|0x00000000c3700000, 0x00000000c3700000, 0x00000000c3800000|  0%| F|  |TAMS 0x00000000c3700000, 0x00000000c3700000| Untracked 
|  36|0x00000000c3800000, 0x00000000c3900000, 0x00000000c3900000|100%| E|  |TAMS 0x00000000c3800000, 0x00000000c3800000| Complete 
|  37|0x00000000c3900000, 0x00000000c3a00000, 0x00000000c3a00000|100%| E|CS|TAMS 0x00000000c3900000, 0x00000000c3900000| Complete 
|  38|0x00000000c3a00000, 0x00000000c3b00000, 0x00000000c3b00000|100%| E|CS|TAMS 0x00000000c3a00000, 0x00000000c3a00000| Complete 
|  39|0x00000000c3b00000, 0x00000000c3c00000, 0x00000000c3c00000|100%| E|CS|TAMS 0x00000000c3b00000, 0x00000000c3b00000| Complete 
|  40|0x00000000c3c00000, 0x00000000c3d00000, 0x00000000c3d00000|100%| E|CS|TAMS 0x00000000c3c00000, 0x00000000c3c00000| Complete 
|  41|0x00000000c3d00000, 0x00000000c3e00000, 0x00000000c3e00000|100%| E|CS|TAMS 0x00000000c3d00000, 0x00000000c3d00000| Complete 
|  42|0x00000000c3e00000, 0x00000000c3f00000, 0x00000000c3f00000|100%| E|CS|TAMS 0x00000000c3e00000, 0x00000000c3e00000| Complete 
|  43|0x00000000c3f00000, 0x00000000c4000000, 0x00000000c4000000|100%| E|CS|TAMS 0x00000000c3f00000, 0x00000000c3f00000| Complete 
|  44|0x00000000c4000000, 0x00000000c40f07f8, 0x00000000c4100000| 93%| S|CS|TAMS 0x00000000c4000000, 0x00000000c4000000| Complete 
|  45|0x00000000c4100000, 0x00000000c4200000, 0x00000000c4200000|100%| S|CS|TAMS 0x00000000c4100000, 0x00000000c4100000| Complete 
|  46|0x00000000c4200000, 0x00000000c4300000, 0x00000000c4300000|100%| E|CS|TAMS 0x00000000c4200000, 0x00000000c4200000| Complete 
|  47|0x00000000c4300000, 0x00000000c4400000, 0x00000000c4400000|100%| E|CS|TAMS 0x00000000c4300000, 0x00000000c4300000| Complete 
|  48|0x00000000c4400000, 0x00000000c4500000, 0x00000000c4500000|100%| E|CS|TAMS 0x00000000c4400000, 0x00000000c4400000| Complete 
|  49|0x00000000c4500000, 0x00000000c4600000, 0x00000000c4600000|100%| E|CS|TAMS 0x00000000c4500000, 0x00000000c4500000| Complete 
|  50|0x00000000c4600000, 0x00000000c4700000, 0x00000000c4700000|100%| E|CS|TAMS 0x00000000c4600000, 0x00000000c4600000| Complete 
|  51|0x00000000c4700000, 0x00000000c4800000, 0x00000000c4800000|100%| E|CS|TAMS 0x00000000c4700000, 0x00000000c4700000| Complete 
|  52|0x00000000c4800000, 0x00000000c4900000, 0x00000000c4900000|100%| E|CS|TAMS 0x00000000c4800000, 0x00000000c4800000| Complete 
|  53|0x00000000c4900000, 0x00000000c4a00000, 0x00000000c4a00000|100%| E|CS|TAMS 0x00000000c4900000, 0x00000000c4900000| Complete 
|  54|0x00000000c4a00000, 0x00000000c4b00000, 0x00000000c4b00000|100%| E|CS|TAMS 0x00000000c4a00000, 0x00000000c4a00000| Complete 
|  55|0x00000000c4b00000, 0x00000000c4c00000, 0x00000000c4c00000|100%| E|CS|TAMS 0x00000000c4b00000, 0x00000000c4b00000| Complete 
|  56|0x00000000c4c00000, 0x00000000c4d00000, 0x00000000c4d00000|100%| E|CS|TAMS 0x00000000c4c00000, 0x00000000c4c00000| Complete 
|  57|0x00000000c4d00000, 0x00000000c4e00000, 0x00000000c4e00000|100%| E|CS|TAMS 0x00000000c4d00000, 0x00000000c4d00000| Complete 
|  58|0x00000000c4e00000, 0x00000000c4f00000, 0x00000000c4f00000|100%| E|CS|TAMS 0x00000000c4e00000, 0x00000000c4e00000| Complete 
|  59|0x00000000c4f00000, 0x00000000c5000000, 0x00000000c5000000|100%| E|CS|TAMS 0x00000000c4f00000, 0x00000000c4f00000| Complete 
|  60|0x00000000c5000000, 0x00000000c5100000, 0x00000000c5100000|100%| E|CS|TAMS 0x00000000c5000000, 0x00000000c5000000| Complete 
|  61|0x00000000c5100000, 0x00000000c5200000, 0x00000000c5200000|100%| E|CS|TAMS 0x00000000c5100000, 0x00000000c5100000| Complete 
|  62|0x00000000c5200000, 0x00000000c5300000, 0x00000000c5300000|100%| E|CS|TAMS 0x00000000c5200000, 0x00000000c5200000| Complete 
|  63|0x00000000c5300000, 0x00000000c5400000, 0x00000000c5400000|100%| E|CS|TAMS 0x00000000c5300000, 0x00000000c5300000| Complete 

Card table byte_map: [0x000001fe9ce60000,0x000001fe9d060000] _byte_map_base: 0x000001fe9c856000

Marking Bits (Prev, Next): (CMBitMap*) 0x000001fe85a05708, (CMBitMap*) 0x000001fe85a05740
 Prev Bits: [0x000001fe9d260000, 0x000001fe9e210000)
 Next Bits: [0x000001fe9e210000, 0x000001fe9f1c0000)

Polling page: 0x000001fe83830000

Metaspace:

Usage:
  Non-class:     16.08 MB capacity,    15.93 MB (>99%) used,   130.98 KB ( <1%) free+waste,    19.56 KB ( <1%) overhead. 
      Class:      2.06 MB capacity,     1.94 MB ( 94%) used,   112.76 KB (  5%) free+waste,     8.06 KB ( <1%) overhead. 
       Both:     18.14 MB capacity,    17.87 MB ( 99%) used,   243.74 KB (  1%) free+waste,    27.63 KB ( <1%) overhead. 

Virtual space:
  Non-class space:       18.00 MB reserved,      16.25 MB ( 90%) committed 
      Class space:        1.00 GB reserved,       2.13 MB ( <1%) committed 
             Both:        1.02 GB reserved,      18.38 MB (  2%) committed 

Chunk freelists:
   Non-Class:  256 bytes
       Class:  128 bytes
        Both:  384 bytes

CodeHeap 'non-profiled nmethods': size=120064Kb used=666Kb max_used=666Kb free=119397Kb
 bounds [0x000001fe95920000, 0x000001fe95b90000, 0x000001fe9ce60000]
CodeHeap 'profiled nmethods': size=120000Kb used=4095Kb max_used=4095Kb free=115904Kb
 bounds [0x000001fe8e3f0000, 0x000001fe8e7f0000, 0x000001fe95920000]
CodeHeap 'non-nmethods': size=5696Kb used=1087Kb max_used=1097Kb free=4609Kb
 bounds [0x000001fe8de60000, 0x000001fe8e0d0000, 0x000001fe8e3f0000]
 total_blobs=2384 nmethods=1981 adapters=315
 compilation: enabled
              stopped_count=0, restarted_count=0
 full_count=0

Compilation events (10 events):
Event: 6.475 Thread 0x000001fea1c53800 nmethod 1983 0x000001fe8e7eeb90 code [0x000001fe8e7eed60, 0x000001fe8e7ef058]
Event: 6.475 Thread 0x000001fea1c53800 1984       3       org.eclipse.sisu.space.WildcardKey$QualifiedImpl::get (5 bytes)
Event: 6.476 Thread 0x000001fea1c53800 nmethod 1984 0x000001fe8e7ef190 code [0x000001fe8e7ef320, 0x000001fe8e7ef438]
Event: 6.478 Thread 0x000001fea1c53800 1985       3       org.eclipse.sisu.wire.BeanProviders$1::get (5 bytes)
Event: 6.479 Thread 0x000001fea1c53800 nmethod 1985 0x000001fe8e7ef510 code [0x000001fe8e7ef6e0, 0x000001fe8e7efa98]
Event: 6.491 Thread 0x000001fea1c53800 1986       1       java.util.logging.LogManager$LoggerContext::getOwner (5 bytes)
Event: 6.492 Thread 0x000001fea1c53800 nmethod 1986 0x000001fe959c6690 code [0x000001fe959c6820, 0x000001fe959c68d8]
Event: 6.492 Thread 0x000001fea1c53800 1987       2       java.lang.AbstractStringBuilder::getCoder (15 bytes)
Event: 6.493 Thread 0x000001fea1c53800 nmethod 1987 0x000001fe8e7efc10 code [0x000001fe8e7efda0, 0x000001fe8e7efe98]
Event: 6.494 Thread 0x000001fea1c53800 1988       3       java.lang.invoke.MemberName::getName (25 bytes)

GC Heap History (8 events):
Event: 1.388 GC heap before
{Heap before GC invocations=0 (full 0):
 garbage-first heap   total 65536K, used 7168K [0x00000000c1400000, 0x0000000100000000)
  region size 1024K, 7 young (7168K), 0 survivors (0K)
 Metaspace       used 7881K, capacity 7998K, committed 8320K, reserved 1056768K
  class space    used 688K, capacity 772K, committed 896K, reserved 1048576K
}
Event: 1.400 GC heap after
{Heap after GC invocations=1 (full 0):
 garbage-first heap   total 65536K, used 2106K [0x00000000c1400000, 0x0000000100000000)
  region size 1024K, 1 young (1024K), 1 survivors (1024K)
 Metaspace       used 7881K, capacity 7998K, committed 8320K, reserved 1056768K
  class space    used 688K, capacity 772K, committed 896K, reserved 1048576K
}
Event: 1.956 GC heap before
{Heap before GC invocations=1 (full 0):
 garbage-first heap   total 65536K, used 6202K [0x00000000c1400000, 0x0000000100000000)
  region size 1024K, 5 young (5120K), 1 survivors (1024K)
 Metaspace       used 10077K, capacity 10217K, committed 10240K, reserved 1058816K
  class space    used 941K, capacity 1024K, committed 1024K, reserved 1048576K
}
Event: 1.964 GC heap after
{Heap after GC invocations=2 (full 0):
 garbage-first heap   total 65536K, used 3035K [0x00000000c1400000, 0x0000000100000000)
  region size 1024K, 1 young (1024K), 1 survivors (1024K)
 Metaspace       used 10077K, capacity 10217K, committed 10240K, reserved 1058816K
  class space    used 941K, capacity 1024K, committed 1024K, reserved 1048576K
}
Event: 3.001 GC heap before
{Heap before GC invocations=2 (full 0):
 garbage-first heap   total 65536K, used 14299K [0x00000000c1400000, 0x0000000100000000)
  region size 1024K, 12 young (12288K), 1 survivors (1024K)
 Metaspace       used 12482K, capacity 12629K, committed 12928K, reserved 1060864K
  class space    used 1253K, capacity 1316K, committed 1408K, reserved 1048576K
}
Event: 3.009 GC heap after
{Heap after GC invocations=3 (full 0):
 garbage-first heap   total 65536K, used 3569K [0x00000000c1400000, 0x0000000100000000)
  region size 1024K, 2 young (2048K), 2 survivors (2048K)
 Metaspace       used 12482K, capacity 12629K, committed 12928K, reserved 1060864K
  class space    used 1253K, capacity 1316K, committed 1408K, reserved 1048576K
}
Event: 3.962 GC heap before
{Heap before GC invocations=3 (full 0):
 garbage-first heap   total 65536K, used 18929K [0x00000000c1400000, 0x0000000100000000)
  region size 1024K, 18 young (18432K), 2 survivors (2048K)
 Metaspace       used 13759K, capacity 13957K, committed 14080K, reserved 1062912K
  class space    used 1403K, capacity 1479K, committed 1536K, reserved 1048576K
}
Event: 3.971 GC heap after
{Heap after GC invocations=4 (full 0):
 garbage-first heap   total 65536K, used 4125K [0x00000000c1400000, 0x0000000100000000)
  region size 1024K, 2 young (2048K), 2 survivors (2048K)
 Metaspace       used 13759K, capacity 13957K, committed 14080K, reserved 1062912K
  class space    used 1403K, capacity 1479K, committed 1536K, reserved 1048576K
}

Deoptimization events (10 events):
Event: 3.329 Thread 0x000001fe859da000 Uncommon trap: reason=unstable_if action=reinterpret pc=0x000001fe9595d1d8 method=java.util.HashMap.getNode(ILjava/lang/Object;)Ljava/util/HashMap$Node; @ 129 c2
Event: 3.386 Thread 0x000001fe859da000 Uncommon trap: reason=class_check action=maybe_recompile pc=0x000001fe95974df4 method=java.util.HashMap.putVal(ILjava/lang/Object;Ljava/lang/Object;ZZ)Ljava/lang/Object; @ 203 c2
Event: 3.697 Thread 0x000001fe859da000 Uncommon trap: reason=unstable_if action=reinterpret pc=0x000001fe959800a0 method=java.lang.String.<init>([CIILjava/lang/Void;)V @ 5 c2
Event: 4.071 Thread 0x000001fe859da000 Uncommon trap: reason=class_check action=maybe_recompile pc=0x000001fe95974df4 method=java.util.HashMap.putVal(ILjava/lang/Object;Ljava/lang/Object;ZZ)Ljava/lang/Object; @ 203 c2
Event: 4.179 Thread 0x000001fe859da000 Uncommon trap: reason=class_check action=maybe_recompile pc=0x000001fe95974df4 method=java.util.HashMap.putVal(ILjava/lang/Object;Ljava/lang/Object;ZZ)Ljava/lang/Object; @ 203 c2
Event: 4.538 Thread 0x000001fe859da000 Uncommon trap: reason=speculate_class_check action=maybe_recompile pc=0x000001fe9599c488 method=java.lang.reflect.Executable.declaredAnnotations()Ljava/util/Map; @ 23 c2
Event: 4.541 Thread 0x000001fe859da000 Uncommon trap: reason=speculate_class_check action=maybe_recompile pc=0x000001fe9599c488 method=java.lang.reflect.Executable.declaredAnnotations()Ljava/util/Map; @ 23 c2
Event: 4.545 Thread 0x000001fe859da000 Uncommon trap: reason=speculate_class_check action=maybe_recompile pc=0x000001fe9599c488 method=java.lang.reflect.Executable.declaredAnnotations()Ljava/util/Map; @ 23 c2
Event: 4.549 Thread 0x000001fe859da000 Uncommon trap: reason=speculate_class_check action=maybe_recompile pc=0x000001fe9599c488 method=java.lang.reflect.Executable.declaredAnnotations()Ljava/util/Map; @ 23 c2
Event: 6.311 Thread 0x000001fe859da000 Uncommon trap: reason=unstable_if action=reinterpret pc=0x000001fe9593de5c method=java.lang.String.startsWith(Ljava/lang/String;I)Z @ 1 c2

Classes redefined (0 events):
No events

Internal exceptions (10 events):
Event: 0.958 Thread 0x000001fe859da000 Exception <a 'java/lang/NullPointerException'{0x00000000c4f1db70}> (0x00000000c4f1db70) thrown at [./open/src/hotspot/share/interpreter/linkResolver.cpp, line 1354]
Event: 0.962 Thread 0x000001fe859da000 Exception <a 'java/lang/NullPointerException'{0x00000000c4f24238}> (0x00000000c4f24238) thrown at [./open/src/hotspot/share/interpreter/linkResolver.cpp, line 1354]
Event: 0.968 Thread 0x000001fe859da000 Exception <a 'java/lang/NullPointerException'{0x00000000c4f3a950}> (0x00000000c4f3a950) thrown at [./open/src/hotspot/share/interpreter/linkResolver.cpp, line 1354]
Event: 0.968 Thread 0x000001fe859da000 Exception <a 'java/lang/NullPointerException'{0x00000000c4f3ac20}> (0x00000000c4f3ac20) thrown at [./open/src/hotspot/share/interpreter/linkResolver.cpp, line 1354]
Event: 0.968 Thread 0x000001fe859da000 Exception <a 'java/lang/NullPointerException'{0x00000000c4f3aef0}> (0x00000000c4f3aef0) thrown at [./open/src/hotspot/share/interpreter/linkResolver.cpp, line 1354]
Event: 0.968 Thread 0x000001fe859da000 Exception <a 'java/lang/NullPointerException'{0x00000000c4f3b1c0}> (0x00000000c4f3b1c0) thrown at [./open/src/hotspot/share/interpreter/linkResolver.cpp, line 1354]
Event: 2.749 Thread 0x000001fe859da000 Exception <a 'java/lang/NoClassDefFoundError'{0x00000000c4cbf9f0}: javax/enterprise/inject/Typed> (0x00000000c4cbf9f0) thrown at [./open/src/hotspot/share/classfile/systemDictionary.cpp, line 217]
Event: 5.947 Thread 0x000001fe859da000 Exception <a 'java/lang/NoClassDefFoundError'{0x00000000c3b96400}: com/google/inject/servlet/ServletModuleTargetVisitor> (0x00000000c3b96400) thrown at [./open/src/hotspot/share/classfile/systemDictionary.cpp, line 217]
Event: 5.947 Thread 0x000001fe859da000 Exception <a 'java/lang/NoClassDefFoundError'{0x00000000c3b96400}> (0x00000000c3b96400) thrown at [./open/src/hotspot/share/prims/jvm.cpp, line 1309]
Event: 6.365 Thread 0x000001fe859da000 Exception <a 'java/lang/NoSuchMethodError'{0x00000000c39dea20}: java.lang.invoke.DirectMethodHandle$Holder.invokeStaticInit(Ljava/lang/Object;IIII)Ljava/lang/Object;> (0x00000000c39dea20) thrown at [./open/src/hotspot/share/interpreter/linkResolver.cpp, l

Events (10 events):
Event: 6.482 loading class com/google/inject/internal/DelegatingInvocationHandler
Event: 6.482 loading class com/google/inject/internal/DelegatingInvocationHandler done
Event: 6.484 Executing VM operation: Deoptimize
Event: 6.484 Executing VM operation: Deoptimize done
Event: 6.486 loading class com/google/inject/internal/BytecodeGen
Event: 6.486 loading class com/google/inject/internal/BytecodeGen done
Event: 6.487 loading class com/google/inject/internal/BytecodeGen$1
Event: 6.487 loading class com/google/inject/internal/BytecodeGen$1 done
Event: 6.489 loading class com/google/inject/internal/BytecodeGen$BridgeClassLoader
Event: 6.489 loading class com/google/inject/internal/BytecodeGen$BridgeClassLoader done


Dynamic libraries:
0x00007ff776db0000 - 0x00007ff776dbf000 	C:\Program Files\Java\jdk-11.0.10\bin\java.exe
0x00007ff88f0e0000 - 0x00007ff88f2d0000 	C:\WINDOWS\SYSTEM32\ntdll.dll
0x00007ff88e0e0000 - 0x00007ff88e193000 	C:\WINDOWS\System32\KERNEL32.DLL
0x00007ff88cd50000 - 0x00007ff88cff5000 	C:\WINDOWS\System32\KERNELBASE.dll
0x00007ff88c370000 - 0x00007ff88c46a000 	C:\WINDOWS\System32\ucrtbase.dll
0x00007ff862e50000 - 0x00007ff862e68000 	C:\Program Files\Java\jdk-11.0.10\bin\jli.dll
0x00007ff882f20000 - 0x00007ff882f35000 	C:\Program Files\Java\jdk-11.0.10\bin\VCRUNTIME140.dll
0x00007ff88e320000 - 0x00007ff88e3c3000 	C:\WINDOWS\System32\ADVAPI32.dll
0x00007ff88d790000 - 0x00007ff88d82e000 	C:\WINDOWS\System32\msvcrt.dll
0x00007ff88e280000 - 0x00007ff88e317000 	C:\WINDOWS\System32\sechost.dll
0x00007ff88e440000 - 0x00007ff88e55f000 	C:\WINDOWS\System32\RPCRT4.dll
0x00007ff88d200000 - 0x00007ff88d394000 	C:\WINDOWS\System32\USER32.dll
0x00007ff88c2a0000 - 0x00007ff88c2c1000 	C:\WINDOWS\System32\win32u.dll
0x00007ff88d1c0000 - 0x00007ff88d1e6000 	C:\WINDOWS\System32\GDI32.dll
0x00007ff879340000 - 0x00007ff8795c4000 	C:\WINDOWS\WinSxS\amd64_microsoft.windows.common-controls_6595b64144ccf1df_6.0.18362.1916_none_9e7a3577e461ddbd\COMCTL32.dll
0x00007ff88d3d0000 - 0x00007ff88d706000 	C:\WINDOWS\System32\combase.dll
0x00007ff88c4f0000 - 0x00007ff88c574000 	C:\WINDOWS\System32\bcryptPrimitives.dll
0x00007ff88c020000 - 0x00007ff88c1b8000 	C:\WINDOWS\System32\gdi32full.dll
0x00007ff88c2d0000 - 0x00007ff88c36e000 	C:\WINDOWS\System32\msvcp_win.dll
0x00007ff8795d0000 - 0x00007ff8795da000 	C:\WINDOWS\SYSTEM32\VERSION.dll
0x00007ff88d830000 - 0x00007ff88d85e000 	C:\WINDOWS\System32\IMM32.DLL
0x00007ff8591a0000 - 0x00007ff85923b000 	C:\Program Files\Java\jdk-11.0.10\bin\msvcp140.dll
0x00007ff849200000 - 0x00007ff849cfb000 	C:\Program Files\Java\jdk-11.0.10\bin\server\jvm.dll
0x00007ff88d1f0000 - 0x00007ff88d1f8000 	C:\WINDOWS\System32\PSAPI.DLL
0x00007ff888a90000 - 0x00007ff888ab4000 	C:\WINDOWS\SYSTEM32\WINMM.dll
0x00007ff876c10000 - 0x00007ff876c19000 	C:\WINDOWS\SYSTEM32\WSOCK32.dll
0x00007ff88d930000 - 0x00007ff88d99f000 	C:\WINDOWS\System32\WS2_32.dll
0x00007ff888a60000 - 0x00007ff888a8d000 	C:\WINDOWS\SYSTEM32\WINMMBASE.dll
0x00007ff88cd00000 - 0x00007ff88cd4a000 	C:\WINDOWS\System32\cfgmgr32.dll
0x00007ff88c000000 - 0x00007ff88c011000 	C:\WINDOWS\System32\kernel.appcore.dll
0x00007ff888b80000 - 0x00007ff888b90000 	C:\Program Files\Java\jdk-11.0.10\bin\verify.dll
0x00007ff88a870000 - 0x00007ff88aa64000 	C:\WINDOWS\SYSTEM32\DBGHELP.DLL
0x00007ff874020000 - 0x00007ff87404a000 	C:\WINDOWS\SYSTEM32\dbgcore.DLL
0x00007ff876c50000 - 0x00007ff876c78000 	C:\Program Files\Java\jdk-11.0.10\bin\java.dll
0x00007ff881db0000 - 0x00007ff881dba000 	C:\Program Files\Java\jdk-11.0.10\bin\jimage.dll
0x00007ff871830000 - 0x00007ff871846000 	C:\Program Files\Java\jdk-11.0.10\bin\zip.dll
0x00007ff88e920000 - 0x00007ff88f007000 	C:\WINDOWS\System32\SHELL32.dll
0x00007ff88d9a0000 - 0x00007ff88da49000 	C:\WINDOWS\System32\shcore.dll
0x00007ff88c580000 - 0x00007ff88ccfb000 	C:\WINDOWS\System32\windows.storage.dll
0x00007ff88bf70000 - 0x00007ff88bf8e000 	C:\WINDOWS\System32\profapi.dll
0x00007ff88bf90000 - 0x00007ff88bfda000 	C:\WINDOWS\System32\powrprof.dll
0x00007ff88bf60000 - 0x00007ff88bf70000 	C:\WINDOWS\System32\UMPDC.dll
0x00007ff88e220000 - 0x00007ff88e272000 	C:\WINDOWS\System32\shlwapi.dll
0x00007ff88c470000 - 0x00007ff88c487000 	C:\WINDOWS\System32\cryptsp.dll
0x00007ff86edf0000 - 0x00007ff86ee09000 	C:\Program Files\Java\jdk-11.0.10\bin\net.dll
0x00007ff87d680000 - 0x00007ff87d779000 	C:\WINDOWS\SYSTEM32\WINHTTP.dll
0x00007ff88b740000 - 0x00007ff88b7a7000 	C:\WINDOWS\system32\mswsock.dll
0x00007ff86edd0000 - 0x00007ff86ede2000 	C:\Program Files\Java\jdk-11.0.10\bin\nio.dll
0x0000000069ac0000 - 0x0000000069ae4000 	C:\Program Files\NetBeans-12.5\apache-maven-3.8.3\lib\jansi-native\Windows\x86_64\jansi.dll

dbghelp: loaded successfully - version: 4.0.5 - missing functions: none
symbol engine: initialized successfully - sym options: 0x614 - pdb path: .;C:\Program Files\Java\jdk-11.0.10\bin;C:\WINDOWS\SYSTEM32;C:\WINDOWS\WinSxS\amd64_microsoft.windows.common-controls_6595b64144ccf1df_6.0.18362.1916_none_9e7a3577e461ddbd;C:\Program Files\Java\jdk-11.0.10\bin\server;C:\Program Files\NetBeans-12.5\apache-maven-3.8.3\lib\jansi-native\Windows\x86_64

VM Arguments:
jvm_args: -Dclassworlds.conf=C:\Program Files\NetBeans-12.5\apache-maven-3.8.3\bin\m2.conf -Dmaven.home=C:\Program Files\NetBeans-12.5\apache-maven-3.8.3 -Dlibrary.jansi.path=C:\Program Files\NetBeans-12.5\apache-maven-3.8.3\lib\jansi-native -Dmaven.multiModuleProjectDirectory=F:\MISION_TIC\CICLO 4\Reto_3\otra version nueva\hipercalorico 
java_command: org.codehaus.plexus.classworlds.launcher.Launcher -Dmaven.ext.class.path=C:\Program Files\NetBeans-12.5\netbeans\java\maven-nblib\netbeans-eventspy.jar -Dfile.encoding=UTF-8 clean install
java_class_path (initial): C:\Program Files\NetBeans-12.5\apache-maven-3.8.3\boot\plexus-classworlds-2.6.0.jar
Launcher Type: SUN_STANDARD

[Global flags]
     intx CICompilerCount                          = 2                                         {product} {ergonomic}
     uint ConcGCThreads                            = 1                                         {product} {ergonomic}
     uint G1ConcRefinementThreads                  = 2                                         {product} {ergonomic}
   size_t G1HeapRegionSize                         = 1048576                                   {product} {ergonomic}
    uintx GCDrainStackTargetSize                   = 64                                        {product} {ergonomic}
   size_t InitialHeapSize                          = 67108864                                  {product} {ergonomic}
   size_t MarkStackSize                            = 4194304                                   {product} {ergonomic}
   size_t MaxHeapSize                              = 1052770304                                {product} {ergonomic}
   size_t MaxNewSize                               = 631242752                                 {product} {ergonomic}
   size_t MinHeapDeltaBytes                        = 1048576                                   {product} {ergonomic}
    uintx NonNMethodCodeHeapSize                   = 5825164                                {pd product} {ergonomic}
    uintx NonProfiledCodeHeapSize                  = 122916538                              {pd product} {ergonomic}
    uintx ProfiledCodeHeapSize                     = 122916538                              {pd product} {ergonomic}
    uintx ReservedCodeCacheSize                    = 251658240                              {pd product} {ergonomic}
     bool SegmentedCodeCache                       = true                                      {product} {ergonomic}
     bool UseCompressedClassPointers               = true                                 {lp64_product} {ergonomic}
     bool UseCompressedOops                        = true                                 {lp64_product} {ergonomic}
     bool UseG1GC                                  = true                                      {product} {ergonomic}
     bool UseLargePagesIndividualAllocation        = false                                  {pd product} {ergonomic}

Logging:
Log output configuration:
 #0: stdout all=warning uptime,level,tags
 #1: stderr all=off uptime,level,tags

Environment Variables:
JAVA_HOME=C:\Program Files\Java\jdk-11.0.10
PATH=C:\Program Files\Common Files\Oracle\Java\javapath;C:\Program Files (x86)\Common Files\Oracle\Java\javapath;C:\Program Files\Java\jdk-11.0.10;C:\Program Files\Java\jdk-11.0.10\bin;C:\WINDOWS\system32;C:\WINDOWS;C:\WINDOWS\System32\Wbem;C:\WINDOWS\System32\WindowsPowerShell\v1.0\;C:\WINDOWS\System32\OpenSSH\;C:\Program Files\Git\cmd;C:\Program Files\NetBeans-12.5\apache-maven-3.8.3\bin;C:\Users\JAIME JUNIOR SEDANO\AppData\Local\Microsoft\WindowsApps;C:\Program Files (x86)\Nmap;;C:\Users\JAIME JUNIOR SEDANO\AppData\Local\Programs\Microsoft VS Code\bin
USERNAME=JAIME JUNIOR SEDANO
OS=Windows_NT
PROCESSOR_IDENTIFIER=Intel64 Family 6 Model 76 Stepping 4, GenuineIntel



---------------  S Y S T E M  ---------------

OS: Windows 10 , 64 bit Build 18362 (10.0.18362.1916)

CPU:total 2 (initial active 2) (2 cores per cpu, 1 threads per core) family 6 model 76 stepping 4 microcode 0x411, cmov, cx8, fxsr, mmx, sse, sse2, sse3, ssse3, sse4.1, sse4.2, popcnt, aes, clmul, erms, 3dnowpref, tsc, tscinvbit

Memory: 4k page, system-wide physical 4009M (664M free)
TotalPageFile size 7009M (AvailPageFile size 3M)
current process WorkingSet (physical memory assigned to process): 101M, peak: 101M
current process commit charge ("private bytes"): 165M, peak: 165M

vm_info: Java HotSpot(TM) 64-Bit Server VM (11.0.10+8-LTS-162) for windows-amd64 JRE (11.0.10+8-LTS-162), built on Dec  8 2020 16:32:57 by "mach5one" with MS VC++ 15.9 (VS2017)

END.
